{"C:\\Users\\folde\\Desktop\\test, packetering\\Dictionary\\dictionary\\src\\App.jsx": {"path":"C:\\Users\\folde\\Desktop\\test, packetering\\Dictionary\\dictionary\\src\\App.jsx","all":false,"statementMap":{"0":{"start":{"line":1,"column":0},"end":{"line":1,"column":54}},"1":{"start":{"line":2,"column":0},"end":{"line":2,"column":19}},"2":{"start":{"line":3,"column":0},"end":{"line":3,"column":44}},"3":{"start":{"line":4,"column":0},"end":{"line":4,"column":48}},"4":{"start":{"line":5,"column":0},"end":{"line":5,"column":32}},"5":{"start":{"line":6,"column":0},"end":{"line":6,"column":42}},"6":{"start":{"line":7,"column":0},"end":{"line":7,"column":0}},"7":{"start":{"line":8,"column":0},"end":{"line":8,"column":72}},"8":{"start":{"line":9,"column":0},"end":{"line":9,"column":0}},"9":{"start":{"line":10,"column":0},"end":{"line":10,"column":16}},"10":{"start":{"line":11,"column":0},"end":{"line":11,"column":0}},"11":{"start":{"line":12,"column":0},"end":{"line":12,"column":32}},"12":{"start":{"line":13,"column":0},"end":{"line":13,"column":61}},"13":{"start":{"line":14,"column":0},"end":{"line":14,"column":53}},"14":{"start":{"line":15,"column":0},"end":{"line":15,"column":2}},"15":{"start":{"line":16,"column":0},"end":{"line":16,"column":38}},"16":{"start":{"line":17,"column":0},"end":{"line":17,"column":33}},"17":{"start":{"line":18,"column":0},"end":{"line":18,"column":30}},"18":{"start":{"line":19,"column":0},"end":{"line":19,"column":20}},"19":{"start":{"line":20,"column":0},"end":{"line":20,"column":29}},"20":{"start":{"line":21,"column":0},"end":{"line":21,"column":7}},"21":{"start":{"line":22,"column":0},"end":{"line":22,"column":10}},"22":{"start":{"line":23,"column":0},"end":{"line":23,"column":30}},"23":{"start":{"line":24,"column":0},"end":{"line":24,"column":6}},"24":{"start":{"line":25,"column":0},"end":{"line":25,"column":3}},"25":{"start":{"line":26,"column":0},"end":{"line":26,"column":0}},"26":{"start":{"line":27,"column":0},"end":{"line":27,"column":10}},"27":{"start":{"line":28,"column":0},"end":{"line":28,"column":45}},"28":{"start":{"line":29,"column":0},"end":{"line":29,"column":142}},"29":{"start":{"line":30,"column":0},"end":{"line":30,"column":91}},"30":{"start":{"line":31,"column":0},"end":{"line":31,"column":77}},"31":{"start":{"line":32,"column":0},"end":{"line":32,"column":66}},"32":{"start":{"line":33,"column":0},"end":{"line":33,"column":10}},"33":{"start":{"line":34,"column":0},"end":{"line":34,"column":3}},"34":{"start":{"line":35,"column":0},"end":{"line":35,"column":1}},"35":{"start":{"line":36,"column":0},"end":{"line":36,"column":0}},"36":{"start":{"line":37,"column":0},"end":{"line":37,"column":18}}},"s":{"0":1,"1":1,"2":1,"3":1,"4":1,"5":1,"6":1,"7":1,"8":1,"9":6,"10":6,"11":6,"12":6,"13":6,"14":6,"15":6,"16":6,"17":1,"18":1,"19":1,"20":1,"21":0,"22":0,"23":0,"24":1,"25":6,"26":6,"27":6,"28":6,"29":6,"30":6,"31":6,"32":6,"33":6,"34":6,"35":1,"36":1},"branchMap":{"0":{"type":"branch","line":10,"loc":{"start":{"line":10,"column":0},"end":{"line":35,"column":1}},"locations":[{"start":{"line":10,"column":0},"end":{"line":35,"column":1}}]},"1":{"type":"branch","line":28,"loc":{"start":{"line":28,"column":20},"end":{"line":28,"column":33}},"locations":[{"start":{"line":28,"column":20},"end":{"line":28,"column":33}}]},"2":{"type":"branch","line":28,"loc":{"start":{"line":28,"column":26},"end":{"line":28,"column":45}},"locations":[{"start":{"line":28,"column":26},"end":{"line":28,"column":45}}]},"3":{"type":"branch","line":29,"loc":{"start":{"line":29,"column":23},"end":{"line":29,"column":44}},"locations":[{"start":{"line":29,"column":23},"end":{"line":29,"column":44}}]},"4":{"type":"branch","line":29,"loc":{"start":{"line":29,"column":29},"end":{"line":29,"column":64}},"locations":[{"start":{"line":29,"column":29},"end":{"line":29,"column":64}}]},"5":{"type":"branch","line":29,"loc":{"start":{"line":29,"column":95},"end":{"line":29,"column":121}},"locations":[{"start":{"line":29,"column":95},"end":{"line":29,"column":121}}]},"6":{"type":"branch","line":29,"loc":{"start":{"line":29,"column":115},"end":{"line":29,"column":133}},"locations":[{"start":{"line":29,"column":115},"end":{"line":29,"column":133}}]},"7":{"type":"branch","line":30,"loc":{"start":{"line":30,"column":26},"end":{"line":30,"column":48}},"locations":[{"start":{"line":30,"column":26},"end":{"line":30,"column":48}}]},"8":{"type":"branch","line":30,"loc":{"start":{"line":30,"column":31},"end":{"line":30,"column":70}},"locations":[{"start":{"line":30,"column":31},"end":{"line":30,"column":70}}]},"9":{"type":"branch","line":31,"loc":{"start":{"line":31,"column":21},"end":{"line":31,"column":42}},"locations":[{"start":{"line":31,"column":21},"end":{"line":31,"column":42}}]},"10":{"type":"branch","line":31,"loc":{"start":{"line":31,"column":27},"end":{"line":31,"column":62}},"locations":[{"start":{"line":31,"column":27},"end":{"line":31,"column":62}}]},"11":{"type":"branch","line":13,"loc":{"start":{"line":13,"column":27},"end":{"line":13,"column":60}},"locations":[{"start":{"line":13,"column":27},"end":{"line":13,"column":60}}]},"12":{"type":"branch","line":17,"loc":{"start":{"line":17,"column":28},"end":{"line":25,"column":3}},"locations":[{"start":{"line":17,"column":28},"end":{"line":25,"column":3}}]},"13":{"type":"branch","line":21,"loc":{"start":{"line":21,"column":5},"end":{"line":24,"column":6}},"locations":[{"start":{"line":21,"column":5},"end":{"line":24,"column":6}}]}},"b":{"0":[6],"1":[5],"2":[1],"3":[5],"4":[1],"5":[1],"6":[5],"7":[5],"8":[1],"9":[5],"10":[1],"11":[19],"12":[1],"13":[0]},"fnMap":{"0":{"name":"App","decl":{"start":{"line":10,"column":0},"end":{"line":35,"column":1}},"loc":{"start":{"line":10,"column":0},"end":{"line":35,"column":1}},"line":10},"1":{"name":"darkModeLightMode","decl":{"start":{"line":17,"column":28},"end":{"line":25,"column":3}},"loc":{"start":{"line":17,"column":28},"end":{"line":25,"column":3}},"line":17}},"f":{"0":6,"1":1}}
,"C:\\Users\\folde\\Desktop\\test, packetering\\Dictionary\\dictionary\\src\\Dictionary.js": {"path":"C:\\Users\\folde\\Desktop\\test, packetering\\Dictionary\\dictionary\\src\\Dictionary.js","all":false,"statementMap":{"0":{"start":{"line":1,"column":0},"end":{"line":1,"column":0}},"1":{"start":{"line":2,"column":0},"end":{"line":2,"column":87}},"2":{"start":{"line":3,"column":0},"end":{"line":3,"column":0}},"3":{"start":{"line":4,"column":0},"end":{"line":4,"column":6}},"4":{"start":{"line":5,"column":0},"end":{"line":5,"column":79}},"5":{"start":{"line":6,"column":0},"end":{"line":6,"column":37}},"6":{"start":{"line":7,"column":0},"end":{"line":7,"column":38}},"7":{"start":{"line":8,"column":0},"end":{"line":8,"column":21}},"8":{"start":{"line":9,"column":0},"end":{"line":9,"column":4}},"9":{"start":{"line":10,"column":0},"end":{"line":10,"column":46}},"10":{"start":{"line":11,"column":0},"end":{"line":11,"column":99}},"11":{"start":{"line":12,"column":0},"end":{"line":12,"column":40}},"12":{"start":{"line":13,"column":0},"end":{"line":13,"column":4}},"13":{"start":{"line":14,"column":0},"end":{"line":14,"column":16}},"14":{"start":{"line":15,"column":0},"end":{"line":15,"column":97}},"15":{"start":{"line":16,"column":0},"end":{"line":16,"column":3}},"16":{"start":{"line":17,"column":0},"end":{"line":17,"column":4}},"17":{"start":{"line":18,"column":0},"end":{"line":18,"column":3}},"18":{"start":{"line":19,"column":0},"end":{"line":19,"column":28}}},"s":{"0":1,"1":1,"2":5,"3":5,"4":5,"5":5,"6":5,"7":4,"8":4,"9":5,"10":0,"11":5,"12":5,"13":5,"14":1,"15":1,"16":5,"17":5,"18":1},"branchMap":{"0":{"type":"branch","line":2,"loc":{"start":{"line":2,"column":25},"end":{"line":18,"column":3}},"locations":[{"start":{"line":2,"column":25},"end":{"line":18,"column":3}}]},"1":{"type":"branch","line":8,"loc":{"start":{"line":8,"column":-2},"end":{"line":10,"column":45}},"locations":[{"start":{"line":8,"column":-2},"end":{"line":10,"column":45}}]},"2":{"type":"branch","line":10,"loc":{"start":{"line":10,"column":45},"end":{"line":12,"column":5}},"locations":[{"start":{"line":10,"column":45},"end":{"line":12,"column":5}}]},"3":{"type":"branch","line":12,"loc":{"start":{"line":12,"column":5},"end":{"line":12,"column":40}},"locations":[{"start":{"line":12,"column":5},"end":{"line":12,"column":40}}]},"4":{"type":"branch","line":14,"loc":{"start":{"line":14,"column":3},"end":{"line":16,"column":3}},"locations":[{"start":{"line":14,"column":3},"end":{"line":16,"column":3}}]}},"b":{"0":[5],"1":[4],"2":[0],"3":[4],"4":[1]},"fnMap":{"0":{"name":"fetchDictionary","decl":{"start":{"line":2,"column":25},"end":{"line":18,"column":3}},"loc":{"start":{"line":2,"column":25},"end":{"line":18,"column":3}},"line":2}},"f":{"0":5}}
,"C:\\Users\\folde\\Desktop\\test, packetering\\Dictionary\\dictionary\\src\\Redux\\Actions.js": {"path":"C:\\Users\\folde\\Desktop\\test, packetering\\Dictionary\\dictionary\\src\\Redux\\Actions.js","all":false,"statementMap":{"0":{"start":{"line":1,"column":0},"end":{"line":1,"column":25}},"1":{"start":{"line":2,"column":0},"end":{"line":2,"column":11}},"2":{"start":{"line":3,"column":0},"end":{"line":3,"column":24}},"3":{"start":{"line":4,"column":0},"end":{"line":4,"column":21}},"4":{"start":{"line":5,"column":0},"end":{"line":5,"column":5}},"5":{"start":{"line":6,"column":0},"end":{"line":6,"column":1}},"6":{"start":{"line":7,"column":0},"end":{"line":7,"column":30}},"7":{"start":{"line":8,"column":0},"end":{"line":8,"column":11}},"8":{"start":{"line":9,"column":0},"end":{"line":9,"column":27}},"9":{"start":{"line":10,"column":0},"end":{"line":10,"column":21}},"10":{"start":{"line":11,"column":0},"end":{"line":11,"column":5}},"11":{"start":{"line":12,"column":0},"end":{"line":12,"column":1}},"12":{"start":{"line":13,"column":0},"end":{"line":13,"column":26}},"13":{"start":{"line":14,"column":0},"end":{"line":14,"column":11}},"14":{"start":{"line":15,"column":0},"end":{"line":15,"column":25}},"15":{"start":{"line":16,"column":0},"end":{"line":16,"column":23}},"16":{"start":{"line":17,"column":0},"end":{"line":17,"column":5}},"17":{"start":{"line":18,"column":0},"end":{"line":18,"column":1}},"18":{"start":{"line":19,"column":0},"end":{"line":19,"column":46}}},"s":{"0":6,"1":6,"2":6,"3":6,"4":6,"5":6,"6":1,"7":1,"8":1,"9":1,"10":1,"11":1,"12":1,"13":1,"14":1,"15":1,"16":1,"17":1,"18":1},"branchMap":{"0":{"type":"branch","line":1,"loc":{"start":{"line":1,"column":0},"end":{"line":6,"column":1}},"locations":[{"start":{"line":1,"column":0},"end":{"line":6,"column":1}}]},"1":{"type":"branch","line":7,"loc":{"start":{"line":7,"column":0},"end":{"line":12,"column":1}},"locations":[{"start":{"line":7,"column":0},"end":{"line":12,"column":1}}]},"2":{"type":"branch","line":13,"loc":{"start":{"line":13,"column":0},"end":{"line":18,"column":1}},"locations":[{"start":{"line":13,"column":0},"end":{"line":18,"column":1}}]}},"b":{"0":[6],"1":[1],"2":[1]},"fnMap":{"0":{"name":"addToList","decl":{"start":{"line":1,"column":0},"end":{"line":6,"column":1}},"loc":{"start":{"line":1,"column":0},"end":{"line":6,"column":1}},"line":1},"1":{"name":"removeFromList","decl":{"start":{"line":7,"column":0},"end":{"line":12,"column":1}},"loc":{"start":{"line":7,"column":0},"end":{"line":12,"column":1}},"line":7},"2":{"name":"darkMode","decl":{"start":{"line":13,"column":0},"end":{"line":18,"column":1}},"loc":{"start":{"line":13,"column":0},"end":{"line":18,"column":1}},"line":13}},"f":{"0":6,"1":1,"2":1}}
,"C:\\Users\\folde\\Desktop\\test, packetering\\Dictionary\\dictionary\\src\\Redux\\reducer.js": {"path":"C:\\Users\\folde\\Desktop\\test, packetering\\Dictionary\\dictionary\\src\\Redux\\reducer.js","all":false,"statementMap":{"0":{"start":{"line":1,"column":0},"end":{"line":1,"column":0}},"1":{"start":{"line":2,"column":0},"end":{"line":2,"column":22}},"2":{"start":{"line":3,"column":0},"end":{"line":3,"column":118}},"3":{"start":{"line":4,"column":0},"end":{"line":4,"column":125}},"4":{"start":{"line":5,"column":0},"end":{"line":5,"column":1}},"5":{"start":{"line":6,"column":0},"end":{"line":6,"column":58}},"6":{"start":{"line":7,"column":0},"end":{"line":7,"column":0}},"7":{"start":{"line":8,"column":0},"end":{"line":8,"column":49}},"8":{"start":{"line":9,"column":0},"end":{"line":9,"column":24}},"9":{"start":{"line":10,"column":0},"end":{"line":10,"column":0}},"10":{"start":{"line":11,"column":0},"end":{"line":11,"column":25}},"11":{"start":{"line":12,"column":0},"end":{"line":12,"column":77}},"12":{"start":{"line":13,"column":0},"end":{"line":13,"column":19}},"13":{"start":{"line":14,"column":0},"end":{"line":14,"column":25}},"14":{"start":{"line":15,"column":0},"end":{"line":15,"column":39}},"15":{"start":{"line":16,"column":0},"end":{"line":16,"column":13}},"16":{"start":{"line":17,"column":0},"end":{"line":17,"column":0}},"17":{"start":{"line":18,"column":0},"end":{"line":18,"column":24}},"18":{"start":{"line":19,"column":0},"end":{"line":19,"column":0}},"19":{"start":{"line":20,"column":0},"end":{"line":20,"column":97}},"20":{"start":{"line":21,"column":0},"end":{"line":21,"column":19}},"21":{"start":{"line":22,"column":0},"end":{"line":22,"column":25}},"22":{"start":{"line":23,"column":0},"end":{"line":23,"column":60}},"23":{"start":{"line":24,"column":0},"end":{"line":24,"column":13}},"24":{"start":{"line":25,"column":0},"end":{"line":25,"column":0}},"25":{"start":{"line":26,"column":0},"end":{"line":26,"column":27}},"26":{"start":{"line":27,"column":0},"end":{"line":27,"column":94}},"27":{"start":{"line":28,"column":0},"end":{"line":28,"column":48}},"28":{"start":{"line":29,"column":0},"end":{"line":29,"column":43}},"29":{"start":{"line":30,"column":0},"end":{"line":30,"column":0}},"30":{"start":{"line":31,"column":0},"end":{"line":31,"column":30}},"31":{"start":{"line":32,"column":0},"end":{"line":32,"column":79}},"32":{"start":{"line":33,"column":0},"end":{"line":33,"column":39}},"33":{"start":{"line":34,"column":0},"end":{"line":34,"column":101}},"34":{"start":{"line":35,"column":0},"end":{"line":35,"column":48}},"35":{"start":{"line":36,"column":0},"end":{"line":36,"column":51}},"36":{"start":{"line":37,"column":0},"end":{"line":37,"column":69}},"37":{"start":{"line":38,"column":0},"end":{"line":38,"column":10}},"38":{"start":{"line":39,"column":0},"end":{"line":39,"column":19}},"39":{"start":{"line":40,"column":0},"end":{"line":40,"column":25}},"40":{"start":{"line":41,"column":0},"end":{"line":41,"column":33}},"41":{"start":{"line":42,"column":0},"end":{"line":42,"column":13}},"42":{"start":{"line":43,"column":0},"end":{"line":43,"column":8}},"43":{"start":{"line":44,"column":0},"end":{"line":44,"column":16}},"44":{"start":{"line":45,"column":0},"end":{"line":45,"column":24}},"45":{"start":{"line":46,"column":0},"end":{"line":46,"column":5}},"46":{"start":{"line":47,"column":0},"end":{"line":47,"column":1}},"47":{"start":{"line":48,"column":0},"end":{"line":48,"column":0}},"48":{"start":{"line":49,"column":0},"end":{"line":49,"column":22}}},"s":{"0":1,"1":1,"2":1,"3":1,"4":1,"5":1,"6":1,"7":1,"8":18,"9":18,"10":18,"11":1,"12":1,"13":1,"14":1,"15":1,"16":18,"17":18,"18":6,"19":6,"20":6,"21":6,"22":6,"23":6,"24":18,"25":18,"26":1,"27":1,"28":1,"29":1,"30":1,"31":1,"32":1,"33":1,"34":1,"35":1,"36":1,"37":1,"38":1,"39":1,"40":1,"41":1,"42":18,"43":18,"44":10,"45":18,"46":0,"47":1,"48":1},"branchMap":{"0":{"type":"branch","line":3,"loc":{"start":{"line":3,"column":73},"end":{"line":3,"column":117}},"locations":[{"start":{"line":3,"column":73},"end":{"line":3,"column":117}}]},"1":{"type":"branch","line":4,"loc":{"start":{"line":4,"column":77},"end":{"line":4,"column":124}},"locations":[{"start":{"line":4,"column":77},"end":{"line":4,"column":124}}]},"2":{"type":"branch","line":8,"loc":{"start":{"line":8,"column":16},"end":{"line":47,"column":1}},"locations":[{"start":{"line":8,"column":16},"end":{"line":47,"column":1}}]},"3":{"type":"branch","line":11,"loc":{"start":{"line":11,"column":8},"end":{"line":16,"column":13}},"locations":[{"start":{"line":11,"column":8},"end":{"line":16,"column":13}}]},"4":{"type":"branch","line":18,"loc":{"start":{"line":18,"column":8},"end":{"line":24,"column":13}},"locations":[{"start":{"line":18,"column":8},"end":{"line":24,"column":13}}]},"5":{"type":"branch","line":26,"loc":{"start":{"line":26,"column":8},"end":{"line":42,"column":13}},"locations":[{"start":{"line":26,"column":8},"end":{"line":42,"column":13}}]},"6":{"type":"branch","line":44,"loc":{"start":{"line":44,"column":8},"end":{"line":45,"column":24}},"locations":[{"start":{"line":44,"column":8},"end":{"line":45,"column":24}}]},"7":{"type":"branch","line":47,"loc":{"start":{"line":47,"column":-2},"end":{"line":47,"column":1}},"locations":[{"start":{"line":47,"column":-2},"end":{"line":47,"column":1}}]},"8":{"type":"branch","line":27,"loc":{"start":{"line":27,"column":58},"end":{"line":27,"column":93}},"locations":[{"start":{"line":27,"column":58},"end":{"line":27,"column":93}}]},"9":{"type":"branch","line":34,"loc":{"start":{"line":34,"column":65},"end":{"line":34,"column":100}},"locations":[{"start":{"line":34,"column":65},"end":{"line":34,"column":100}}]}},"b":{"0":[0],"1":[0],"2":[18],"3":[1],"4":[6],"5":[1],"6":[10],"7":[0],"8":[1],"9":[1]},"fnMap":{"0":{"name":"reducer","decl":{"start":{"line":8,"column":16},"end":{"line":47,"column":1}},"loc":{"start":{"line":8,"column":16},"end":{"line":47,"column":1}},"line":8}},"f":{"0":18}}
,"C:\\Users\\folde\\Desktop\\test, packetering\\Dictionary\\dictionary\\src\\components\\FavoriteData.jsx": {"path":"C:\\Users\\folde\\Desktop\\test, packetering\\Dictionary\\dictionary\\src\\components\\FavoriteData.jsx","all":false,"statementMap":{"0":{"start":{"line":1,"column":0},"end":{"line":1,"column":49}},"1":{"start":{"line":2,"column":0},"end":{"line":2,"column":55}},"2":{"start":{"line":3,"column":0},"end":{"line":3,"column":49}},"3":{"start":{"line":4,"column":0},"end":{"line":4,"column":32}},"4":{"start":{"line":5,"column":0},"end":{"line":5,"column":33}},"5":{"start":{"line":6,"column":0},"end":{"line":6,"column":0}},"6":{"start":{"line":7,"column":0},"end":{"line":7,"column":31}},"7":{"start":{"line":8,"column":0},"end":{"line":8,"column":0}},"8":{"start":{"line":9,"column":0},"end":{"line":9,"column":34}},"9":{"start":{"line":10,"column":0},"end":{"line":10,"column":51}},"10":{"start":{"line":11,"column":0},"end":{"line":11,"column":0}},"11":{"start":{"line":12,"column":0},"end":{"line":12,"column":67}},"12":{"start":{"line":13,"column":0},"end":{"line":13,"column":0}},"13":{"start":{"line":14,"column":0},"end":{"line":14,"column":56}},"14":{"start":{"line":15,"column":0},"end":{"line":15,"column":107}},"15":{"start":{"line":16,"column":0},"end":{"line":16,"column":0}},"16":{"start":{"line":17,"column":0},"end":{"line":17,"column":0}},"17":{"start":{"line":18,"column":0},"end":{"line":18,"column":11}},"18":{"start":{"line":19,"column":0},"end":{"line":19,"column":49}},"19":{"start":{"line":20,"column":0},"end":{"line":20,"column":57}},"20":{"start":{"line":21,"column":0},"end":{"line":21,"column":164}},"21":{"start":{"line":22,"column":0},"end":{"line":22,"column":162}},"22":{"start":{"line":23,"column":0},"end":{"line":23,"column":22}},"23":{"start":{"line":24,"column":0},"end":{"line":24,"column":72}},"24":{"start":{"line":25,"column":0},"end":{"line":25,"column":20}},"25":{"start":{"line":26,"column":0},"end":{"line":26,"column":5}},"26":{"start":{"line":27,"column":0},"end":{"line":27,"column":1}},"27":{"start":{"line":28,"column":0},"end":{"line":28,"column":0}},"28":{"start":{"line":29,"column":0},"end":{"line":29,"column":27}}},"s":{"0":1,"1":1,"2":1,"3":1,"4":1,"5":1,"6":1,"7":12,"8":12,"9":12,"10":12,"11":12,"12":12,"13":12,"14":12,"15":12,"16":12,"17":12,"18":12,"19":12,"20":12,"21":12,"22":12,"23":12,"24":12,"25":12,"26":12,"27":1,"28":1},"branchMap":{"0":{"type":"branch","line":7,"loc":{"start":{"line":7,"column":20},"end":{"line":27,"column":1}},"locations":[{"start":{"line":7,"column":20},"end":{"line":27,"column":1}}]},"1":{"type":"branch","line":21,"loc":{"start":{"line":21,"column":59},"end":{"line":21,"column":108}},"locations":[{"start":{"line":21,"column":59},"end":{"line":21,"column":108}}]},"2":{"type":"branch","line":22,"loc":{"start":{"line":22,"column":46},"end":{"line":22,"column":99}},"locations":[{"start":{"line":22,"column":46},"end":{"line":22,"column":99}}]},"3":{"type":"branch","line":24,"loc":{"start":{"line":24,"column":14},"end":{"line":24,"column":67}},"locations":[{"start":{"line":24,"column":14},"end":{"line":24,"column":67}}]},"4":{"type":"branch","line":24,"loc":{"start":{"line":24,"column":40},"end":{"line":24,"column":55}},"locations":[{"start":{"line":24,"column":40},"end":{"line":24,"column":55}}]},"5":{"type":"branch","line":24,"loc":{"start":{"line":24,"column":55},"end":{"line":24,"column":72}},"locations":[{"start":{"line":24,"column":55},"end":{"line":24,"column":72}}]},"6":{"type":"branch","line":12,"loc":{"start":{"line":12,"column":33},"end":{"line":12,"column":66}},"locations":[{"start":{"line":12,"column":33},"end":{"line":12,"column":66}}]},"7":{"type":"branch","line":15,"loc":{"start":{"line":15,"column":39},"end":{"line":15,"column":106}},"locations":[{"start":{"line":15,"column":39},"end":{"line":15,"column":106}}]},"8":{"type":"branch","line":21,"loc":{"start":{"line":21,"column":118},"end":{"line":21,"column":150}},"locations":[{"start":{"line":21,"column":118},"end":{"line":21,"column":150}}]},"9":{"type":"branch","line":22,"loc":{"start":{"line":22,"column":109},"end":{"line":22,"column":152}},"locations":[{"start":{"line":22,"column":109},"end":{"line":22,"column":152}}]}},"b":{"0":[12],"1":[0],"2":[0],"3":[1],"4":[0],"5":[11],"6":[24],"7":[12],"8":[1],"9":[1]},"fnMap":{"0":{"name":"FavoriteData","decl":{"start":{"line":7,"column":20},"end":{"line":27,"column":1}},"loc":{"start":{"line":7,"column":20},"end":{"line":27,"column":1}},"line":7},"1":{"name":"onClick","decl":{"start":{"line":21,"column":118},"end":{"line":21,"column":150}},"loc":{"start":{"line":21,"column":118},"end":{"line":21,"column":150}},"line":21},"2":{"name":"onClick","decl":{"start":{"line":22,"column":109},"end":{"line":22,"column":152}},"loc":{"start":{"line":22,"column":109},"end":{"line":22,"column":152}},"line":22}},"f":{"0":12,"1":1,"2":1}}
,"C:\\Users\\folde\\Desktop\\test, packetering\\Dictionary\\dictionary\\src\\components\\Meaning.jsx": {"path":"C:\\Users\\folde\\Desktop\\test, packetering\\Dictionary\\dictionary\\src\\components\\Meaning.jsx","all":false,"statementMap":{"0":{"start":{"line":1,"column":0},"end":{"line":1,"column":32}},"1":{"start":{"line":2,"column":0},"end":{"line":2,"column":40}},"2":{"start":{"line":3,"column":0},"end":{"line":3,"column":28}},"3":{"start":{"line":4,"column":0},"end":{"line":4,"column":0}},"4":{"start":{"line":5,"column":0},"end":{"line":5,"column":65}},"5":{"start":{"line":6,"column":0},"end":{"line":6,"column":0}},"6":{"start":{"line":7,"column":0},"end":{"line":7,"column":31}},"7":{"start":{"line":8,"column":0},"end":{"line":8,"column":3}},"8":{"start":{"line":9,"column":0},"end":{"line":9,"column":38}},"9":{"start":{"line":10,"column":0},"end":{"line":10,"column":48}},"10":{"start":{"line":11,"column":0},"end":{"line":11,"column":59}},"11":{"start":{"line":12,"column":0},"end":{"line":12,"column":0}},"12":{"start":{"line":13,"column":0},"end":{"line":13,"column":0}},"13":{"start":{"line":14,"column":0},"end":{"line":14,"column":20}},"14":{"start":{"line":15,"column":0},"end":{"line":15,"column":67}},"15":{"start":{"line":16,"column":0},"end":{"line":16,"column":4}},"16":{"start":{"line":17,"column":0},"end":{"line":17,"column":11}},"17":{"start":{"line":18,"column":0},"end":{"line":18,"column":67}},"18":{"start":{"line":19,"column":0},"end":{"line":19,"column":126}},"19":{"start":{"line":20,"column":0},"end":{"line":20,"column":151}},"20":{"start":{"line":21,"column":0},"end":{"line":21,"column":94}},"21":{"start":{"line":22,"column":0},"end":{"line":22,"column":87}},"22":{"start":{"line":23,"column":0},"end":{"line":23,"column":87}},"23":{"start":{"line":24,"column":0},"end":{"line":24,"column":107}},"24":{"start":{"line":25,"column":0},"end":{"line":25,"column":110}},"25":{"start":{"line":26,"column":0},"end":{"line":26,"column":53}},"26":{"start":{"line":27,"column":0},"end":{"line":27,"column":15}},"27":{"start":{"line":28,"column":0},"end":{"line":28,"column":161}},"28":{"start":{"line":29,"column":0},"end":{"line":29,"column":153}},"29":{"start":{"line":30,"column":0},"end":{"line":30,"column":18}},"30":{"start":{"line":31,"column":0},"end":{"line":31,"column":5}},"31":{"start":{"line":32,"column":0},"end":{"line":32,"column":1}},"32":{"start":{"line":33,"column":0},"end":{"line":33,"column":23}}},"s":{"0":1,"1":1,"2":1,"3":1,"4":1,"5":1,"6":1,"7":20,"8":20,"9":20,"10":20,"11":20,"12":20,"13":20,"14":20,"15":20,"16":20,"17":20,"18":20,"19":20,"20":20,"21":2,"22":2,"23":2,"24":2,"25":20,"26":20,"27":20,"28":20,"29":20,"30":20,"31":20,"32":1},"branchMap":{"0":{"type":"branch","line":7,"loc":{"start":{"line":7,"column":17},"end":{"line":32,"column":1}},"locations":[{"start":{"line":7,"column":17},"end":{"line":32,"column":1}}]},"1":{"type":"branch","line":18,"loc":{"start":{"line":18,"column":39},"end":{"line":18,"column":67}},"locations":[{"start":{"line":18,"column":39},"end":{"line":18,"column":67}}]},"2":{"type":"branch","line":20,"loc":{"start":{"line":20,"column":43},"end":{"line":20,"column":87}},"locations":[{"start":{"line":20,"column":43},"end":{"line":20,"column":87}}]},"3":{"type":"branch","line":21,"loc":{"start":{"line":21,"column":16},"end":{"line":26,"column":48}},"locations":[{"start":{"line":21,"column":16},"end":{"line":26,"column":48}}]},"4":{"type":"branch","line":26,"loc":{"start":{"line":26,"column":41},"end":{"line":26,"column":53}},"locations":[{"start":{"line":26,"column":41},"end":{"line":26,"column":53}}]},"5":{"type":"branch","line":28,"loc":{"start":{"line":28,"column":45},"end":{"line":28,"column":90}},"locations":[{"start":{"line":28,"column":45},"end":{"line":28,"column":90}}]},"6":{"type":"branch","line":29,"loc":{"start":{"line":29,"column":21},"end":{"line":29,"column":148}},"locations":[{"start":{"line":29,"column":21},"end":{"line":29,"column":148}}]},"7":{"type":"branch","line":15,"loc":{"start":{"line":15,"column":33},"end":{"line":15,"column":66}},"locations":[{"start":{"line":15,"column":33},"end":{"line":15,"column":66}}]},"8":{"type":"branch","line":20,"loc":{"start":{"line":20,"column":97},"end":{"line":20,"column":126}},"locations":[{"start":{"line":20,"column":97},"end":{"line":20,"column":126}}]},"9":{"type":"branch","line":21,"loc":{"start":{"line":21,"column":55},"end":{"line":26,"column":39}},"locations":[{"start":{"line":21,"column":55},"end":{"line":26,"column":39}}]},"10":{"type":"branch","line":23,"loc":{"start":{"line":23,"column":35},"end":{"line":23,"column":82}},"locations":[{"start":{"line":23,"column":35},"end":{"line":23,"column":82}}]},"11":{"type":"branch","line":23,"loc":{"start":{"line":23,"column":76},"end":{"line":23,"column":87}},"locations":[{"start":{"line":23,"column":76},"end":{"line":23,"column":87}}]}},"b":{"0":[20],"1":[0],"2":[0],"3":[2],"4":[18],"5":[0],"6":[0],"7":[59],"8":[2],"9":[2],"10":[1],"11":[1]},"fnMap":{"0":{"name":"Meanings","decl":{"start":{"line":7,"column":17},"end":{"line":32,"column":1}},"loc":{"start":{"line":7,"column":17},"end":{"line":32,"column":1}},"line":7},"1":{"name":"onClick","decl":{"start":{"line":20,"column":97},"end":{"line":20,"column":126}},"loc":{"start":{"line":20,"column":97},"end":{"line":20,"column":126}},"line":20},"2":{"name":"onClick","decl":{"start":{"line":28,"column":100},"end":{"line":28,"column":139}},"loc":{"start":{"line":28,"column":100},"end":{"line":28,"column":139}},"line":28}},"f":{"0":20,"1":2,"2":0}}
,"C:\\Users\\folde\\Desktop\\test, packetering\\Dictionary\\dictionary\\src\\components\\ResultSearchWord.jsx": {"path":"C:\\Users\\folde\\Desktop\\test, packetering\\Dictionary\\dictionary\\src\\components\\ResultSearchWord.jsx","all":false,"statementMap":{"0":{"start":{"line":1,"column":0},"end":{"line":1,"column":37}},"1":{"start":{"line":2,"column":0},"end":{"line":2,"column":31}},"2":{"start":{"line":3,"column":0},"end":{"line":3,"column":40}},"3":{"start":{"line":4,"column":0},"end":{"line":4,"column":0}},"4":{"start":{"line":5,"column":0},"end":{"line":5,"column":36}},"5":{"start":{"line":6,"column":0},"end":{"line":6,"column":0}},"6":{"start":{"line":7,"column":0},"end":{"line":7,"column":71}},"7":{"start":{"line":8,"column":0},"end":{"line":8,"column":0}},"8":{"start":{"line":9,"column":0},"end":{"line":9,"column":91}},"9":{"start":{"line":10,"column":0},"end":{"line":10,"column":114}},"10":{"start":{"line":11,"column":0},"end":{"line":11,"column":0}},"11":{"start":{"line":12,"column":0},"end":{"line":12,"column":58}},"12":{"start":{"line":13,"column":0},"end":{"line":13,"column":53}},"13":{"start":{"line":14,"column":0},"end":{"line":14,"column":7}},"14":{"start":{"line":15,"column":0},"end":{"line":15,"column":11}},"15":{"start":{"line":16,"column":0},"end":{"line":16,"column":63}},"16":{"start":{"line":17,"column":0},"end":{"line":17,"column":81}},"17":{"start":{"line":18,"column":0},"end":{"line":18,"column":35}},"18":{"start":{"line":19,"column":0},"end":{"line":19,"column":27}},"19":{"start":{"line":20,"column":0},"end":{"line":20,"column":105}},"20":{"start":{"line":21,"column":0},"end":{"line":21,"column":44}},"21":{"start":{"line":22,"column":0},"end":{"line":22,"column":39}},"22":{"start":{"line":23,"column":0},"end":{"line":23,"column":37}},"23":{"start":{"line":24,"column":0},"end":{"line":24,"column":18}},"24":{"start":{"line":25,"column":0},"end":{"line":25,"column":5}},"25":{"start":{"line":26,"column":0},"end":{"line":26,"column":1}},"26":{"start":{"line":27,"column":0},"end":{"line":27,"column":31}}},"s":{"0":1,"1":1,"2":1,"3":1,"4":1,"5":6,"6":6,"7":6,"8":6,"9":6,"10":6,"11":6,"12":6,"13":6,"14":6,"15":6,"16":6,"17":6,"18":6,"19":6,"20":6,"21":6,"22":6,"23":6,"24":6,"25":6,"26":1},"branchMap":{"0":{"type":"branch","line":5,"loc":{"start":{"line":5,"column":25},"end":{"line":26,"column":1}},"locations":[{"start":{"line":5,"column":25},"end":{"line":26,"column":1}}]},"1":{"type":"branch","line":16,"loc":{"start":{"line":16,"column":38},"end":{"line":16,"column":63}},"locations":[{"start":{"line":16,"column":38},"end":{"line":16,"column":63}}]},"2":{"type":"branch","line":20,"loc":{"start":{"line":20,"column":80},"end":{"line":20,"column":95}},"locations":[{"start":{"line":20,"column":80},"end":{"line":20,"column":95}}]},"3":{"type":"branch","line":7,"loc":{"start":{"line":7,"column":37},"end":{"line":7,"column":70}},"locations":[{"start":{"line":7,"column":37},"end":{"line":7,"column":70}}]},"4":{"type":"branch","line":9,"loc":{"start":{"line":9,"column":44},"end":{"line":10,"column":113}},"locations":[{"start":{"line":9,"column":44},"end":{"line":10,"column":113}}]},"5":{"type":"branch","line":10,"loc":{"start":{"line":10,"column":26},"end":{"line":10,"column":38}},"locations":[{"start":{"line":10,"column":26},"end":{"line":10,"column":38}}]},"6":{"type":"branch","line":10,"loc":{"start":{"line":10,"column":31},"end":{"line":10,"column":101}},"locations":[{"start":{"line":10,"column":31},"end":{"line":10,"column":101}}]},"7":{"type":"branch","line":12,"loc":{"start":{"line":12,"column":43},"end":{"line":13,"column":52}},"locations":[{"start":{"line":12,"column":43},"end":{"line":13,"column":52}}]}},"b":{"0":[6],"1":[0],"2":[0],"3":[19],"4":[16],"5":[4],"6":[12],"7":[18]},"fnMap":{"0":{"name":"ResultSearchWord","decl":{"start":{"line":5,"column":25},"end":{"line":26,"column":1}},"loc":{"start":{"line":5,"column":25},"end":{"line":26,"column":1}},"line":5}},"f":{"0":6}}
,"C:\\Users\\folde\\Desktop\\test, packetering\\Dictionary\\dictionary\\src\\components\\SearchWord.jsx": {"path":"C:\\Users\\folde\\Desktop\\test, packetering\\Dictionary\\dictionary\\src\\components\\SearchWord.jsx","all":false,"statementMap":{"0":{"start":{"line":1,"column":0},"end":{"line":1,"column":32}},"1":{"start":{"line":2,"column":0},"end":{"line":2,"column":47}},"2":{"start":{"line":3,"column":0},"end":{"line":3,"column":49}},"3":{"start":{"line":4,"column":0},"end":{"line":4,"column":54}},"4":{"start":{"line":5,"column":0},"end":{"line":5,"column":44}},"5":{"start":{"line":6,"column":0},"end":{"line":6,"column":36}},"6":{"start":{"line":7,"column":0},"end":{"line":7,"column":31}},"7":{"start":{"line":8,"column":0},"end":{"line":8,"column":0}},"8":{"start":{"line":9,"column":0},"end":{"line":9,"column":3}},"9":{"start":{"line":10,"column":0},"end":{"line":10,"column":45}},"10":{"start":{"line":11,"column":0},"end":{"line":11,"column":197}},"11":{"start":{"line":12,"column":0},"end":{"line":12,"column":0}},"12":{"start":{"line":13,"column":0},"end":{"line":13,"column":24}},"13":{"start":{"line":14,"column":0},"end":{"line":14,"column":0}},"14":{"start":{"line":15,"column":0},"end":{"line":15,"column":67}},"15":{"start":{"line":16,"column":0},"end":{"line":16,"column":4}},"16":{"start":{"line":17,"column":0},"end":{"line":17,"column":23}},"17":{"start":{"line":18,"column":0},"end":{"line":18,"column":34}},"18":{"start":{"line":19,"column":0},"end":{"line":19,"column":52}},"19":{"start":{"line":20,"column":0},"end":{"line":20,"column":69}},"20":{"start":{"line":21,"column":0},"end":{"line":21,"column":55}},"21":{"start":{"line":22,"column":0},"end":{"line":22,"column":1}},"22":{"start":{"line":23,"column":0},"end":{"line":23,"column":25}},"23":{"start":{"line":24,"column":0},"end":{"line":24,"column":25}},"24":{"start":{"line":25,"column":0},"end":{"line":25,"column":37}},"25":{"start":{"line":26,"column":0},"end":{"line":26,"column":14}},"26":{"start":{"line":27,"column":0},"end":{"line":27,"column":5}},"27":{"start":{"line":28,"column":0},"end":{"line":28,"column":0}},"28":{"start":{"line":29,"column":0},"end":{"line":29,"column":100}},"29":{"start":{"line":30,"column":0},"end":{"line":30,"column":0}},"30":{"start":{"line":31,"column":0},"end":{"line":31,"column":11}},"31":{"start":{"line":32,"column":0},"end":{"line":32,"column":73}},"32":{"start":{"line":33,"column":0},"end":{"line":33,"column":58}},"33":{"start":{"line":34,"column":0},"end":{"line":34,"column":199}},"34":{"start":{"line":35,"column":0},"end":{"line":35,"column":214}},"35":{"start":{"line":36,"column":0},"end":{"line":36,"column":216}},"36":{"start":{"line":37,"column":0},"end":{"line":37,"column":19}},"37":{"start":{"line":38,"column":0},"end":{"line":38,"column":149}},"38":{"start":{"line":39,"column":0},"end":{"line":39,"column":18}},"39":{"start":{"line":40,"column":0},"end":{"line":40,"column":5}},"40":{"start":{"line":41,"column":0},"end":{"line":41,"column":2}},"41":{"start":{"line":42,"column":0},"end":{"line":42,"column":25}}},"s":{"0":1,"1":1,"2":1,"3":1,"4":1,"5":1,"6":1,"7":1,"8":1,"9":1,"10":1,"11":1,"12":1,"13":33,"14":33,"15":33,"16":33,"17":33,"18":33,"19":33,"20":33,"21":33,"22":33,"23":33,"24":33,"25":33,"26":33,"27":33,"28":33,"29":33,"30":33,"31":33,"32":33,"33":33,"34":33,"35":33,"36":33,"37":33,"38":33,"39":33,"40":33,"41":1},"branchMap":{"0":{"type":"branch","line":13,"loc":{"start":{"line":13,"column":19},"end":{"line":41,"column":2}},"locations":[{"start":{"line":13,"column":19},"end":{"line":41,"column":2}}]},"1":{"type":"branch","line":32,"loc":{"start":{"line":32,"column":28},"end":{"line":32,"column":53}},"locations":[{"start":{"line":32,"column":28},"end":{"line":32,"column":53}}]},"2":{"type":"branch","line":32,"loc":{"start":{"line":32,"column":38},"end":{"line":32,"column":73}},"locations":[{"start":{"line":32,"column":38},"end":{"line":32,"column":73}}]},"3":{"type":"branch","line":34,"loc":{"start":{"line":34,"column":34},"end":{"line":34,"column":65}},"locations":[{"start":{"line":34,"column":34},"end":{"line":34,"column":65}}]},"4":{"type":"branch","line":34,"loc":{"start":{"line":34,"column":44},"end":{"line":34,"column":91}},"locations":[{"start":{"line":34,"column":44},"end":{"line":34,"column":91}}]},"5":{"type":"branch","line":35,"loc":{"start":{"line":35,"column":35},"end":{"line":35,"column":67}},"locations":[{"start":{"line":35,"column":35},"end":{"line":35,"column":67}}]},"6":{"type":"branch","line":35,"loc":{"start":{"line":35,"column":45},"end":{"line":35,"column":94}},"locations":[{"start":{"line":35,"column":45},"end":{"line":35,"column":94}}]},"7":{"type":"branch","line":36,"loc":{"start":{"line":36,"column":45},"end":{"line":36,"column":211}},"locations":[{"start":{"line":36,"column":45},"end":{"line":36,"column":211}}]},"8":{"type":"branch","line":36,"loc":{"start":{"line":36,"column":77},"end":{"line":36,"column":127}},"locations":[{"start":{"line":36,"column":77},"end":{"line":36,"column":127}}]},"9":{"type":"branch","line":36,"loc":{"start":{"line":36,"column":200},"end":{"line":36,"column":216}},"locations":[{"start":{"line":36,"column":200},"end":{"line":36,"column":216}}]},"10":{"type":"branch","line":38,"loc":{"start":{"line":38,"column":56},"end":{"line":38,"column":79}},"locations":[{"start":{"line":38,"column":56},"end":{"line":38,"column":79}}]},"11":{"type":"branch","line":38,"loc":{"start":{"line":38,"column":69},"end":{"line":38,"column":139}},"locations":[{"start":{"line":38,"column":69},"end":{"line":38,"column":139}}]},"12":{"type":"branch","line":15,"loc":{"start":{"line":15,"column":33},"end":{"line":15,"column":66}},"locations":[{"start":{"line":15,"column":33},"end":{"line":15,"column":66}}]},"13":{"type":"branch","line":29,"loc":{"start":{"line":29,"column":44},"end":{"line":29,"column":99}},"locations":[{"start":{"line":29,"column":44},"end":{"line":29,"column":99}}]},"14":{"type":"branch","line":33,"loc":{"start":{"line":33,"column":29},"end":{"line":33,"column":58}},"locations":[{"start":{"line":33,"column":29},"end":{"line":33,"column":58}}]},"15":{"type":"branch","line":34,"loc":{"start":{"line":34,"column":160},"end":{"line":34,"column":197}},"locations":[{"start":{"line":34,"column":160},"end":{"line":34,"column":197}}]},"16":{"type":"branch","line":35,"loc":{"start":{"line":35,"column":118},"end":{"line":35,"column":199}},"locations":[{"start":{"line":35,"column":118},"end":{"line":35,"column":199}}]},"17":{"type":"branch","line":36,"loc":{"start":{"line":36,"column":137},"end":{"line":36,"column":179}},"locations":[{"start":{"line":36,"column":137},"end":{"line":36,"column":179}}]}},"b":{"0":[33],"1":[32],"2":[1],"3":[32],"4":[1],"5":[32],"6":[1],"7":[4],"8":[0],"9":[29],"10":[24],"11":[9],"12":[48],"13":[4],"14":[11],"15":[20],"16":[5],"17":[6]},"fnMap":{"0":{"name":"SearchWord","decl":{"start":{"line":13,"column":19},"end":{"line":41,"column":2}},"loc":{"start":{"line":13,"column":19},"end":{"line":41,"column":2}},"line":13},"1":{"name":"onSubmit","decl":{"start":{"line":33,"column":29},"end":{"line":33,"column":58}},"loc":{"start":{"line":33,"column":29},"end":{"line":33,"column":58}},"line":33},"2":{"name":"onChange","decl":{"start":{"line":34,"column":160},"end":{"line":34,"column":197}},"loc":{"start":{"line":34,"column":160},"end":{"line":34,"column":197}},"line":34},"3":{"name":"onClick","decl":{"start":{"line":35,"column":118},"end":{"line":35,"column":199}},"loc":{"start":{"line":35,"column":118},"end":{"line":35,"column":199}},"line":35},"4":{"name":"onClick","decl":{"start":{"line":36,"column":137},"end":{"line":36,"column":179}},"loc":{"start":{"line":36,"column":137},"end":{"line":36,"column":179}},"line":36}},"f":{"0":33,"1":11,"2":20,"3":5,"4":6}}
,"C:\\Users\\folde\\Desktop\\test, packetering\\Dictionary\\dictionary\\src\\components\\WordList.jsx": {"path":"C:\\Users\\folde\\Desktop\\test, packetering\\Dictionary\\dictionary\\src\\components\\WordList.jsx","all":false,"statementMap":{"0":{"start":{"line":1,"column":0},"end":{"line":1,"column":32}},"1":{"start":{"line":2,"column":0},"end":{"line":2,"column":40}},"2":{"start":{"line":3,"column":0},"end":{"line":3,"column":29}},"3":{"start":{"line":4,"column":0},"end":{"line":4,"column":29}},"4":{"start":{"line":5,"column":0},"end":{"line":5,"column":41}},"5":{"start":{"line":6,"column":0},"end":{"line":6,"column":0}},"6":{"start":{"line":7,"column":0},"end":{"line":7,"column":48}},"7":{"start":{"line":8,"column":0},"end":{"line":8,"column":87}},"8":{"start":{"line":9,"column":0},"end":{"line":9,"column":0}},"9":{"start":{"line":10,"column":0},"end":{"line":10,"column":22}},"10":{"start":{"line":11,"column":0},"end":{"line":11,"column":0}},"11":{"start":{"line":12,"column":0},"end":{"line":12,"column":67}},"12":{"start":{"line":13,"column":0},"end":{"line":13,"column":73}},"13":{"start":{"line":14,"column":0},"end":{"line":14,"column":53}},"14":{"start":{"line":15,"column":0},"end":{"line":15,"column":0}},"15":{"start":{"line":16,"column":0},"end":{"line":16,"column":67}},"16":{"start":{"line":17,"column":0},"end":{"line":17,"column":25}},"17":{"start":{"line":18,"column":0},"end":{"line":18,"column":0}},"18":{"start":{"line":19,"column":0},"end":{"line":19,"column":88}},"19":{"start":{"line":20,"column":0},"end":{"line":20,"column":0}},"20":{"start":{"line":21,"column":0},"end":{"line":21,"column":11}},"21":{"start":{"line":22,"column":0},"end":{"line":22,"column":67}},"22":{"start":{"line":23,"column":0},"end":{"line":23,"column":194}},"23":{"start":{"line":24,"column":0},"end":{"line":24,"column":75}},"24":{"start":{"line":25,"column":0},"end":{"line":25,"column":18}},"25":{"start":{"line":26,"column":0},"end":{"line":26,"column":5}},"26":{"start":{"line":27,"column":0},"end":{"line":27,"column":1}},"27":{"start":{"line":28,"column":0},"end":{"line":28,"column":23}}},"s":{"0":1,"1":1,"2":1,"3":1,"4":1,"5":1,"6":1,"7":1,"8":1,"9":1,"10":19,"11":19,"12":19,"13":19,"14":19,"15":19,"16":19,"17":19,"18":19,"19":19,"20":19,"21":19,"22":19,"23":19,"24":19,"25":19,"26":19,"27":1},"branchMap":{"0":{"type":"branch","line":10,"loc":{"start":{"line":10,"column":17},"end":{"line":27,"column":1}},"locations":[{"start":{"line":10,"column":17},"end":{"line":27,"column":1}}]},"1":{"type":"branch","line":22,"loc":{"start":{"line":22,"column":28},"end":{"line":22,"column":50}},"locations":[{"start":{"line":22,"column":28},"end":{"line":22,"column":50}}]},"2":{"type":"branch","line":22,"loc":{"start":{"line":22,"column":38},"end":{"line":22,"column":67}},"locations":[{"start":{"line":22,"column":38},"end":{"line":22,"column":67}}]},"3":{"type":"branch","line":23,"loc":{"start":{"line":23,"column":27},"end":{"line":23,"column":57}},"locations":[{"start":{"line":23,"column":27},"end":{"line":23,"column":57}}]},"4":{"type":"branch","line":23,"loc":{"start":{"line":23,"column":37},"end":{"line":23,"column":82}},"locations":[{"start":{"line":23,"column":37},"end":{"line":23,"column":82}}]},"5":{"type":"branch","line":23,"loc":{"start":{"line":23,"column":162},"end":{"line":23,"column":172}},"locations":[{"start":{"line":23,"column":162},"end":{"line":23,"column":172}}]},"6":{"type":"branch","line":23,"loc":{"start":{"line":23,"column":166},"end":{"line":23,"column":189}},"locations":[{"start":{"line":23,"column":166},"end":{"line":23,"column":189}}]},"7":{"type":"branch","line":24,"loc":{"start":{"line":24,"column":11},"end":{"line":24,"column":69}},"locations":[{"start":{"line":24,"column":11},"end":{"line":24,"column":69}}]},"8":{"type":"branch","line":24,"loc":{"start":{"line":24,"column":40},"end":{"line":24,"column":54}},"locations":[{"start":{"line":24,"column":40},"end":{"line":24,"column":54}}]},"9":{"type":"branch","line":24,"loc":{"start":{"line":24,"column":44},"end":{"line":24,"column":69}},"locations":[{"start":{"line":24,"column":44},"end":{"line":24,"column":69}}]},"10":{"type":"branch","line":24,"loc":{"start":{"line":24,"column":54},"end":{"line":24,"column":75}},"locations":[{"start":{"line":24,"column":54},"end":{"line":24,"column":75}}]},"11":{"type":"branch","line":12,"loc":{"start":{"line":12,"column":33},"end":{"line":12,"column":66}},"locations":[{"start":{"line":12,"column":33},"end":{"line":12,"column":66}}]},"12":{"type":"branch","line":16,"loc":{"start":{"line":16,"column":33},"end":{"line":16,"column":66}},"locations":[{"start":{"line":16,"column":33},"end":{"line":16,"column":66}}]},"13":{"type":"branch","line":19,"loc":{"start":{"line":19,"column":34},"end":{"line":19,"column":87}},"locations":[{"start":{"line":19,"column":34},"end":{"line":19,"column":87}}]},"14":{"type":"branch","line":23,"loc":{"start":{"line":23,"column":92},"end":{"line":23,"column":123}},"locations":[{"start":{"line":23,"column":92},"end":{"line":23,"column":123}}]}},"b":{"0":[19],"1":[18],"2":[1],"3":[18],"4":[1],"5":[9],"6":[10],"7":[8],"8":[7],"9":[1],"10":[11],"11":[34],"12":[34],"13":[14],"14":[4]},"fnMap":{"0":{"name":"WordList","decl":{"start":{"line":10,"column":17},"end":{"line":27,"column":1}},"loc":{"start":{"line":10,"column":17},"end":{"line":27,"column":1}},"line":10},"1":{"name":"onClick","decl":{"start":{"line":23,"column":92},"end":{"line":23,"column":123}},"loc":{"start":{"line":23,"column":92},"end":{"line":23,"column":123}},"line":23}},"f":{"0":19,"1":4}}
}
